#
# There is insufficient memory for the Java Runtime Environment to continue.
# Native memory allocation (malloc) failed to allocate 1144176 bytes. Error detail: Chunk::new
# Possible reasons:
#   The system is out of physical RAM or swap space
#   This process is running with CompressedOops enabled, and the Java Heap may be blocking the growth of the native heap
# Possible solutions:
#   Reduce memory load on the system
#   Increase physical memory or swap space
#   Check if swap backing store is full
#   Decrease Java heap size (-Xmx/-Xms)
#   Decrease number of Java threads
#   Decrease Java thread stack sizes (-Xss)
#   Set larger code cache with -XX:ReservedCodeCacheSize=
#   JVM is running with Zero Based Compressed Oops mode in which the Java heap is
#     placed in the first 32GB address space. The Java Heap base address is the
#     maximum limit for the native heap growth. Please use -XX:HeapBaseMinAddress
#     to set the Java Heap base and to place the Java Heap above 32GB virtual address.
# This output file may be truncated or incomplete.
#
#  Out of Memory Error (arena.cpp:168), pid=158136, tid=135312
#
# JRE version: OpenJDK Runtime Environment Temurin-21.0.10+7 (21.0.10+7) (build 21.0.10+7-LTS)
# Java VM: OpenJDK 64-Bit Server VM Temurin-21.0.10+7 (21.0.10+7-LTS, mixed mode, sharing, tiered, compressed oops, compressed class ptrs, g1 gc, windows-amd64)
# No core dump will be written. Minidumps are not enabled by default on client versions of Windows
#

---------------  S U M M A R Y ------------

Command Line: -XX:MaxMetaspaceSize=4G -XX:ReservedCodeCacheSize=512m -XX:+HeapDumpOnOutOfMemoryError --add-opens=java.base/java.util=ALL-UNNAMED --add-opens=java.base/java.lang=ALL-UNNAMED --add-opens=java.base/java.lang.invoke=ALL-UNNAMED --add-opens=java.prefs/java.util.prefs=ALL-UNNAMED --add-exports=jdk.compiler/com.sun.tools.javac.api=ALL-UNNAMED --add-exports=jdk.compiler/com.sun.tools.javac.util=ALL-UNNAMED --add-opens=java.base/java.nio.charset=ALL-UNNAMED --add-opens=java.base/java.net=ALL-UNNAMED --add-opens=java.base/java.util.concurrent.atomic=ALL-UNNAMED -Xmx8G -Dfile.encoding=utf8 -Duser.country=US -Duser.language=en -Duser.variant -javaagent:C:\Users\Sofia Toro\.gradle\wrapper\dists\gradle-8.10.2-all\7iv73wktx1xtkvlq19urqw1wm\gradle-8.10.2\lib\agents\gradle-instrumentation-agent-8.10.2.jar org.gradle.launcher.daemon.bootstrap.GradleDaemon 8.10.2

Host: 12th Gen Intel(R) Core(TM) i7-1255U, 12 cores, 15G,  Windows 11 , 64 bit Build 26100 (10.0.26100.7705)
Time: Wed Mar  4 20:46:03 2026 SA Pacific Standard Time elapsed time: 41.107931 seconds (0d 0h 0m 41s)

---------------  T H R E A D  ---------------

Current thread (0x000002cd5ffe1f70):  JavaThread "C2 CompilerThread0" daemon [_thread_in_native, id=135312, stack(0x000000d524400000,0x000000d524500000) (1024K)]


Current CompileTask:
C2:41108 8353       4       org.gradle.internal.instantiation.generator.AbstractClassGenerator::inspectType (560 bytes)

Stack: [0x000000d524400000,0x000000d524500000]
Native frames: (J=compiled Java code, j=interpreted, Vv=VM code, C=native code)
V  [jvm.dll+0x6d7a39]
V  [jvm.dll+0x8b4b26]
V  [jvm.dll+0x8b70de]
V  [jvm.dll+0x8b77c3]
V  [jvm.dll+0x284346]
V  [jvm.dll+0xc66ed]
V  [jvm.dll+0xc6c31]
V  [jvm.dll+0x2fb29e]
V  [jvm.dll+0x5fe884]
V  [jvm.dll+0x255b17]
V  [jvm.dll+0x24df54]
V  [jvm.dll+0x24ba42]
V  [jvm.dll+0x1cb34e]
V  [jvm.dll+0x25b85d]
V  [jvm.dll+0x259dea]
V  [jvm.dll+0x3f857e]
V  [jvm.dll+0x85f59d]
V  [jvm.dll+0x6d626d]
C  [ucrtbase.dll+0x37b0]
C  [KERNEL32.DLL+0x2e8d7]
C  [ntdll.dll+0x8c40c]


---------------  P R O C E S S  ---------------

Threads class SMR info:
_java_thread_list=0x000002cdabe15d30, length=68, elements={
0x000002cd303b4940, 0x000002cd5ffd8300, 0x000002cd5ffdad70, 0x000002cd5ffdc170,
0x000002cd5ffdcbd0, 0x000002cd5ffdd630, 0x000002cd5ffde090, 0x000002cd5ffe1f70,
0x000002cd5ffee5e0, 0x000002cd62c87d00, 0x000002cd62cf2950, 0x000002cda900fe00,
0x000002cda958b560, 0x000002cda981cc20, 0x000002cda9592680, 0x000002cda8fe92a0,
0x000002cda98b9750, 0x000002cda99b0800, 0x000002cda99b2f60, 0x000002cda99b2240,
0x000002cda99afae0, 0x000002cda99b0170, 0x000002cda99b0e90, 0x000002cda99b1bb0,
0x000002cda99b28d0, 0x000002cda9e51c70, 0x000002cda9e52300, 0x000002cda9e54a60,
0x000002cda9e550f0, 0x000002cda9e543d0, 0x000002cda9e52990, 0x000002cda9e53d40,
0x000002cda9e58c00, 0x000002cda9e571c0, 0x000002cda9e57850, 0x000002cda9e59290,
0x000002cda9e57ee0, 0x000002cdab6827b0, 0x000002cdab680d70, 0x000002cdab680050,
0x000002cdab682e40, 0x000002cdab683b60, 0x000002cdab6834d0, 0x000002cdab6806e0,
0x000002cdab6841f0, 0x000002cdab681400, 0x000002cdab684880, 0x000002cdab684f10,
0x000002cdab681a90, 0x000002cdab6855a0, 0x000002cdab682120, 0x000002cdab685c30,
0x000002cdab687670, 0x000002cdab6862c0, 0x000002cdab686950, 0x000002cdab686fe0,
0x000002cda8a3f440, 0x000002cda8a41510, 0x000002cda8a3e090, 0x000002cda8a3edb0,
0x000002cda8a407f0, 0x000002cda8a3fad0, 0x000002cda8a40160, 0x000002cda8a40e80,
0x000002cda8a41ba0, 0x000002cda8a3e720, 0x000002cda8a456b0, 0x000002cda8a428c0
}

Java Threads: ( => current thread )
  0x000002cd303b4940 JavaThread "main"                              [_thread_blocked, id=155880, stack(0x000000d523600000,0x000000d523700000) (1024K)]
  0x000002cd5ffd8300 JavaThread "Reference Handler"          daemon [_thread_blocked, id=146160, stack(0x000000d523e00000,0x000000d523f00000) (1024K)]
  0x000002cd5ffdad70 JavaThread "Finalizer"                  daemon [_thread_blocked, id=146248, stack(0x000000d523f00000,0x000000d524000000) (1024K)]
  0x000002cd5ffdc170 JavaThread "Signal Dispatcher"          daemon [_thread_blocked, id=157740, stack(0x000000d524000000,0x000000d524100000) (1024K)]
  0x000002cd5ffdcbd0 JavaThread "Attach Listener"            daemon [_thread_blocked, id=158148, stack(0x000000d524100000,0x000000d524200000) (1024K)]
  0x000002cd5ffdd630 JavaThread "Service Thread"             daemon [_thread_blocked, id=146720, stack(0x000000d524200000,0x000000d524300000) (1024K)]
  0x000002cd5ffde090 JavaThread "Monitor Deflation Thread"   daemon [_thread_blocked, id=151776, stack(0x000000d524300000,0x000000d524400000) (1024K)]
=>0x000002cd5ffe1f70 JavaThread "C2 CompilerThread0"         daemon [_thread_in_native, id=135312, stack(0x000000d524400000,0x000000d524500000) (1024K)]
  0x000002cd5ffee5e0 JavaThread "C1 CompilerThread0"         daemon [_thread_blocked, id=84024, stack(0x000000d524500000,0x000000d524600000) (1024K)]
  0x000002cd62c87d00 JavaThread "Common-Cleaner"             daemon [_thread_blocked, id=93648, stack(0x000000d524600000,0x000000d524700000) (1024K)]
  0x000002cd62cf2950 JavaThread "Notification Thread"        daemon [_thread_blocked, id=131808, stack(0x000000d524700000,0x000000d524800000) (1024K)]
  0x000002cda900fe00 JavaThread "Daemon health stats"               [_thread_blocked, id=150168, stack(0x000000d524f00000,0x000000d525000000) (1024K)]
  0x000002cda958b560 JavaThread "Incoming local TCP Connector on port 50717"        [_thread_in_native, id=135324, stack(0x000000d524d00000,0x000000d524e00000) (1024K)]
  0x000002cda981cc20 JavaThread "Daemon periodic checks"            [_thread_blocked, id=157132, stack(0x000000d525000000,0x000000d525100000) (1024K)]
  0x000002cda9592680 JavaThread "Daemon"                            [_thread_blocked, id=150628, stack(0x000000d525100000,0x000000d525200000) (1024K)]
  0x000002cda8fe92a0 JavaThread "Handler for socket connection from /127.0.0.1:50717 to /127.0.0.1:55361"        [_thread_in_native, id=86196, stack(0x000000d525200000,0x000000d525300000) (1024K)]
  0x000002cda98b9750 JavaThread "Cancel handler"                    [_thread_blocked, id=154396, stack(0x000000d525300000,0x000000d525400000) (1024K)]
  0x000002cda99b0800 JavaThread "Daemon worker"                     [_thread_in_Java, id=23800, stack(0x000000d525400000,0x000000d525500000) (1024K)]
  0x000002cda99b2f60 JavaThread "Asynchronous log dispatcher for DefaultDaemonConnection: socket connection from /127.0.0.1:50717 to /127.0.0.1:55361"        [_thread_blocked, id=152148, stack(0x000000d525500000,0x000000d525600000) (1024K)]
  0x000002cda99b2240 JavaThread "Stdin handler"                     [_thread_blocked, id=140636, stack(0x000000d525600000,0x000000d525700000) (1024K)]
  0x000002cda99afae0 JavaThread "Daemon client event forwarder"        [_thread_blocked, id=156548, stack(0x000000d525700000,0x000000d525800000) (1024K)]
  0x000002cda99b0170 JavaThread "Cache worker for journal cache (C:\Users\Sofia Toro\.gradle\caches\journal-1)"        [_thread_blocked, id=154648, stack(0x000000d525800000,0x000000d525900000) (1024K)]
  0x000002cda99b0e90 JavaThread "File lock request listener"        [_thread_in_native, id=135544, stack(0x000000d525900000,0x000000d525a00000) (1024K)]
  0x000002cda99b1bb0 JavaThread "Cache worker for file hash cache (C:\Users\Sofia Toro\.gradle\caches\8.10.2\fileHashes)"        [_thread_blocked, id=152640, stack(0x000000d525a00000,0x000000d525b00000) (1024K)]
  0x000002cda99b28d0 JavaThread "Cache worker for file hash cache (C:\Users\Sofia Toro\Documents\GitHub\AppReport-T1-Natrium\app\android\.gradle\8.10.2\fileHashes)"        [_thread_blocked, id=112108, stack(0x000000d526000000,0x000000d526100000) (1024K)]
  0x000002cda9e51c70 JavaThread "Cache worker for Build Output Cleanup Cache (C:\Users\Sofia Toro\Documents\GitHub\AppReport-T1-Natrium\app\android\.gradle\buildOutputCleanup)"        [_thread_blocked, id=156332, stack(0x000000d526100000,0x000000d526200000) (1024K)]
  0x000002cda9e52300 JavaThread "File watcher server"        daemon [_thread_in_native, id=108748, stack(0x000000d526200000,0x000000d526300000) (1024K)]
  0x000002cda9e54a60 JavaThread "File watcher consumer"      daemon [_thread_blocked, id=84704, stack(0x000000d526300000,0x000000d526400000) (1024K)]
  0x000002cda9e550f0 JavaThread "Cache worker for checksums cache (C:\Users\Sofia Toro\Documents\GitHub\AppReport-T1-Natrium\app\android\.gradle\8.10.2\checksums)"        [_thread_blocked, id=150376, stack(0x000000d526400000,0x000000d526500000) (1024K)]
  0x000002cda9e543d0 JavaThread "Cache worker for file content cache (C:\Users\Sofia Toro\.gradle\caches\8.10.2\fileContent)"        [_thread_blocked, id=134804, stack(0x000000d526500000,0x000000d526600000) (1024K)]
  0x000002cda9e52990 JavaThread "Cache worker for cache directory md-rule (C:\Users\Sofia Toro\.gradle\caches\8.10.2\md-rule)"        [_thread_blocked, id=26024, stack(0x000000d526600000,0x000000d526700000) (1024K)]
  0x000002cda9e53d40 JavaThread "Cache worker for cache directory md-supplier (C:\Users\Sofia Toro\.gradle\caches\8.10.2\md-supplier)"        [_thread_blocked, id=148860, stack(0x000000d526700000,0x000000d526800000) (1024K)]
  0x000002cda9e58c00 JavaThread "Cache worker for Build Output Cleanup Cache (C:\flutter\packages\flutter_tools\gradle\.gradle\buildOutputCleanup)"        [_thread_blocked, id=31216, stack(0x000000d526800000,0x000000d526900000) (1024K)]
  0x000002cda9e571c0 JavaThread "Unconstrained build operations"        [_thread_blocked, id=144872, stack(0x000000d526a00000,0x000000d526b00000) (1024K)]
  0x000002cda9e57850 JavaThread "Unconstrained build operations Thread 2"        [_thread_blocked, id=148660, stack(0x000000d526b00000,0x000000d526c00000) (1024K)]
  0x000002cda9e59290 JavaThread "Unconstrained build operations Thread 3"        [_thread_blocked, id=87520, stack(0x000000d526c00000,0x000000d526d00000) (1024K)]
  0x000002cda9e57ee0 JavaThread "Unconstrained build operations Thread 4"        [_thread_blocked, id=157376, stack(0x000000d526d00000,0x000000d526e00000) (1024K)]
  0x000002cdab6827b0 JavaThread "Unconstrained build operations Thread 5"        [_thread_blocked, id=147460, stack(0x000000d526e00000,0x000000d526f00000) (1024K)]
  0x000002cdab680d70 JavaThread "Unconstrained build operations Thread 6"        [_thread_blocked, id=59744, stack(0x000000d526f00000,0x000000d527000000) (1024K)]
  0x000002cdab680050 JavaThread "Unconstrained build operations Thread 7"        [_thread_blocked, id=155440, stack(0x000000d527000000,0x000000d527100000) (1024K)]
  0x000002cdab682e40 JavaThread "Unconstrained build operations Thread 8"        [_thread_blocked, id=157444, stack(0x000000d527100000,0x000000d527200000) (1024K)]
  0x000002cdab683b60 JavaThread "Unconstrained build operations Thread 9"        [_thread_blocked, id=122108, stack(0x000000d527200000,0x000000d527300000) (1024K)]
  0x000002cdab6834d0 JavaThread "Unconstrained build operations Thread 10"        [_thread_blocked, id=149832, stack(0x000000d527300000,0x000000d527400000) (1024K)]
  0x000002cdab6806e0 JavaThread "Unconstrained build operations Thread 11"        [_thread_blocked, id=138028, stack(0x000000d527400000,0x000000d527500000) (1024K)]
  0x000002cdab6841f0 JavaThread "Unconstrained build operations Thread 12"        [_thread_blocked, id=153196, stack(0x000000d527500000,0x000000d527600000) (1024K)]
  0x000002cdab681400 JavaThread "Unconstrained build operations Thread 13"        [_thread_blocked, id=150940, stack(0x000000d527600000,0x000000d527700000) (1024K)]
  0x000002cdab684880 JavaThread "Unconstrained build operations Thread 14"        [_thread_blocked, id=122460, stack(0x000000d527700000,0x000000d527800000) (1024K)]
  0x000002cdab684f10 JavaThread "Unconstrained build operations Thread 15"        [_thread_blocked, id=136488, stack(0x000000d527800000,0x000000d527900000) (1024K)]
  0x000002cdab681a90 JavaThread "Unconstrained build operations Thread 16"        [_thread_blocked, id=156396, stack(0x000000d527900000,0x000000d527a00000) (1024K)]
  0x000002cdab6855a0 JavaThread "Unconstrained build operations Thread 17"        [_thread_blocked, id=55488, stack(0x000000d527a00000,0x000000d527b00000) (1024K)]
  0x000002cdab682120 JavaThread "Unconstrained build operations Thread 18"        [_thread_blocked, id=157276, stack(0x000000d527b00000,0x000000d527c00000) (1024K)]
  0x000002cdab685c30 JavaThread "Unconstrained build operations Thread 19"        [_thread_blocked, id=148244, stack(0x000000d527c00000,0x000000d527d00000) (1024K)]
  0x000002cdab687670 JavaThread "Unconstrained build operations Thread 20"        [_thread_blocked, id=155052, stack(0x000000d527d00000,0x000000d527e00000) (1024K)]
  0x000002cdab6862c0 JavaThread "Unconstrained build operations Thread 21"        [_thread_blocked, id=145052, stack(0x000000d527e00000,0x000000d527f00000) (1024K)]
  0x000002cdab686950 JavaThread "Unconstrained build operations Thread 22"        [_thread_blocked, id=139216, stack(0x000000d527f00000,0x000000d528000000) (1024K)]
  0x000002cdab686fe0 JavaThread "Unconstrained build operations Thread 23"        [_thread_blocked, id=155452, stack(0x000000d528000000,0x000000d528100000) (1024K)]
  0x000002cda8a3f440 JavaThread "Unconstrained build operations Thread 24"        [_thread_blocked, id=156340, stack(0x000000d528100000,0x000000d528200000) (1024K)]
  0x000002cda8a41510 JavaThread "Unconstrained build operations Thread 25"        [_thread_blocked, id=134856, stack(0x000000d528200000,0x000000d528300000) (1024K)]
  0x000002cda8a3e090 JavaThread "Unconstrained build operations Thread 26"        [_thread_blocked, id=156068, stack(0x000000d528300000,0x000000d528400000) (1024K)]
  0x000002cda8a3edb0 JavaThread "Unconstrained build operations Thread 27"        [_thread_blocked, id=22692, stack(0x000000d528400000,0x000000d528500000) (1024K)]
  0x000002cda8a407f0 JavaThread "Unconstrained build operations Thread 28"        [_thread_blocked, id=113280, stack(0x000000d528500000,0x000000d528600000) (1024K)]
  0x000002cda8a3fad0 JavaThread "Unconstrained build operations Thread 29"        [_thread_blocked, id=111844, stack(0x000000d528600000,0x000000d528700000) (1024K)]
  0x000002cda8a40160 JavaThread "Unconstrained build operations Thread 30"        [_thread_blocked, id=132140, stack(0x000000d528700000,0x000000d528800000) (1024K)]
  0x000002cda8a40e80 JavaThread "Unconstrained build operations Thread 31"        [_thread_blocked, id=153080, stack(0x000000d528800000,0x000000d528900000) (1024K)]
  0x000002cda8a41ba0 JavaThread "Unconstrained build operations Thread 32"        [_thread_blocked, id=158628, stack(0x000000d528900000,0x000000d528a00000) (1024K)]
  0x000002cda8a3e720 JavaThread "Unconstrained build operations Thread 33"        [_thread_blocked, id=155492, stack(0x000000d528a00000,0x000000d528b00000) (1024K)]
  0x000002cda8a456b0 JavaThread "Memory manager"                    [_thread_blocked, id=153224, stack(0x000000d528b00000,0x000000d528c00000) (1024K)]
  0x000002cda8a428c0 JavaThread "build event listener"              [_thread_blocked, id=154520, stack(0x000000d528c00000,0x000000d528d00000) (1024K)]
Total: 68

Other Threads:
  0x000002cd5ffbe300 VMThread "VM Thread"                           [id=114260, stack(0x000000d523d00000,0x000000d523e00000) (1024K)]
  0x000002cd5ffaf260 WatcherThread "VM Periodic Task Thread"        [id=139804, stack(0x000000d523c00000,0x000000d523d00000) (1024K)]
  0x000002cd5fe31120 WorkerThread "GC Thread#0"                     [id=71420, stack(0x000000d523700000,0x000000d523800000) (1024K)]
  0x000002cd62e8ad50 WorkerThread "GC Thread#1"                     [id=146676, stack(0x000000d524800000,0x000000d524900000) (1024K)]
  0x000002cd62e8b100 WorkerThread "GC Thread#2"                     [id=94312, stack(0x000000d524900000,0x000000d524a00000) (1024K)]
  0x000002cd62e8b4b0 WorkerThread "GC Thread#3"                     [id=135956, stack(0x000000d524a00000,0x000000d524b00000) (1024K)]
  0x000002cd62e8b860 WorkerThread "GC Thread#4"                     [id=154788, stack(0x000000d524b00000,0x000000d524c00000) (1024K)]
  0x000002cd62e8bc10 WorkerThread "GC Thread#5"                     [id=151200, stack(0x000000d524c00000,0x000000d524d00000) (1024K)]
  0x000002cda9750000 WorkerThread "GC Thread#6"                     [id=126420, stack(0x000000d524e00000,0x000000d524f00000) (1024K)]
  0x000002cda9c9fb70 WorkerThread "GC Thread#7"                     [id=144568, stack(0x000000d525b00000,0x000000d525c00000) (1024K)]
  0x000002cda9c9e900 WorkerThread "GC Thread#8"                     [id=144412, stack(0x000000d525c00000,0x000000d525d00000) (1024K)]
  0x000002cda9c9c7d0 WorkerThread "GC Thread#9"                     [id=17336, stack(0x000000d525d00000,0x000000d525e00000) (1024K)]
  0x000002cd3020df90 ConcurrentGCThread "G1 Main Marker"            [id=137920, stack(0x000000d523800000,0x000000d523900000) (1024K)]
  0x000002cd3020e9b0 WorkerThread "G1 Conc#0"                       [id=134376, stack(0x000000d523900000,0x000000d523a00000) (1024K)]
  0x000002cda9c9cf30 WorkerThread "G1 Conc#1"                       [id=141876, stack(0x000000d525e00000,0x000000d525f00000) (1024K)]
  0x000002cda9c9ecb0 WorkerThread "G1 Conc#2"                       [id=134944, stack(0x000000d525f00000,0x000000d526000000) (1024K)]
  0x000002cd3045ead0 ConcurrentGCThread "G1 Refine#0"               [id=158456, stack(0x000000d523a00000,0x000000d523b00000) (1024K)]
  0x000002cd5fe74fc0 ConcurrentGCThread "G1 Service"                [id=155004, stack(0x000000d523b00000,0x000000d523c00000) (1024K)]
Total: 18

Threads with active compile tasks:
C2 CompilerThread0  41232 8353       4       org.gradle.internal.instantiation.generator.AbstractClassGenerator::inspectType (560 bytes)
Total: 1

VM state: not at safepoint (normal execution)

VM Mutex/Monitor currently owned by a thread: None

Heap address: 0x0000000600000000, size: 8192 MB, Compressed Oops mode: Zero based, Oop shift amount: 3

CDS archive(s) mapped at: [0x000002cd63000000-0x000002cd63ba0000-0x000002cd63ba0000), size 12189696, SharedBaseAddress: 0x000002cd63000000, ArchiveRelocationMode: 1.
Compressed class space mapped at: 0x000002cd64000000-0x000002cda4000000, reserved size: 1073741824
Narrow klass base: 0x000002cd63000000, Narrow klass shift: 0, Narrow klass range: 0x100000000

GC Precious Log:
 CardTable entry size: 512
 Card Set container configuration: InlinePtr #cards 4 size 8 Array Of Cards #cards 32 size 80 Howl #buckets 8 coarsen threshold 7372 Howl Bitmap #cards 1024 size 144 coarsen threshold 921 Card regions per heap region 1 cards per card region 8192
 CPUs: 12 total, 12 available
 Memory: 16077M
 Large Page Support: Disabled
 NUMA Support: Disabled
 Compressed Oops: Enabled (Zero based)
 Heap Region Size: 4M
 Heap Min Capacity: 8M
 Heap Initial Capacity: 252M
 Heap Max Capacity: 8G
 Pre-touch: Disabled
 Parallel Workers: 10
 Concurrent Workers: 3
 Concurrent Refinement Workers: 10
 Periodic GC: Disabled

Heap:
 garbage-first heap   total 126976K, used 66062K [0x0000000600000000, 0x0000000800000000)
  region size 4096K, 3 young (12288K), 2 survivors (8192K)
 Metaspace       used 71039K, committed 73024K, reserved 1114112K
  class space    used 10303K, committed 11264K, reserved 1048576K

Heap Regions: E=young(eden), S=young(survivor), O=old, HS=humongous(starts), HC=humongous(continues), CS=collection set, F=free, TAMS=top-at-mark-start, PB=parsable bottom
|   0|0x0000000600000000, 0x0000000600400000, 0x0000000600400000|100%|HS|  |TAMS 0x0000000600400000| PB 0x0000000600000000| Complete 
|   1|0x0000000600400000, 0x0000000600800000, 0x0000000600800000|100%| O|  |TAMS 0x0000000600800000| PB 0x0000000600400000| Untracked 
|   2|0x0000000600800000, 0x0000000600c00000, 0x0000000600c00000|100%| O|  |TAMS 0x0000000600c00000| PB 0x0000000600800000| Untracked 
|   3|0x0000000600c00000, 0x0000000601000000, 0x0000000601000000|100%| O|  |TAMS 0x0000000601000000| PB 0x0000000600c00000| Untracked 
|   4|0x0000000601000000, 0x0000000601000000, 0x0000000601400000|  0%| F|  |TAMS 0x0000000601000000| PB 0x0000000601000000| Untracked 
|   5|0x0000000601400000, 0x0000000601800000, 0x0000000601800000|100%| O|  |TAMS 0x0000000601800000| PB 0x0000000601400000| Untracked 
|   6|0x0000000601800000, 0x0000000601c00000, 0x0000000601c00000|100%| O|  |TAMS 0x0000000601c00000| PB 0x0000000601800000| Untracked 
|   7|0x0000000601c00000, 0x0000000602000000, 0x0000000602000000|100%| O|  |TAMS 0x0000000602000000| PB 0x0000000601c00000| Untracked 
|   8|0x0000000602000000, 0x0000000602400000, 0x0000000602400000|100%|HS|  |TAMS 0x0000000602400000| PB 0x0000000602000000| Complete 
|   9|0x0000000602400000, 0x0000000602800000, 0x0000000602800000|100%|HS|  |TAMS 0x0000000602800000| PB 0x0000000602400000| Complete 
|  10|0x0000000602800000, 0x00000006028f0530, 0x0000000602c00000| 23%| S|CS|TAMS 0x0000000602800000| PB 0x0000000602800000| Complete 
|  11|0x0000000602c00000, 0x0000000603000000, 0x0000000603000000|100%| S|CS|TAMS 0x0000000602c00000| PB 0x0000000602c00000| Complete 
|  12|0x0000000603000000, 0x0000000603400000, 0x0000000603400000|100%| O|  |TAMS 0x0000000603400000| PB 0x0000000603000000| Untracked 
|  13|0x0000000603400000, 0x0000000603793340, 0x0000000603800000| 89%| O|  |TAMS 0x0000000603431b30| PB 0x0000000603400000| Untracked 
|  14|0x0000000603800000, 0x0000000603800000, 0x0000000603c00000|  0%| F|  |TAMS 0x0000000603800000| PB 0x0000000603800000| Untracked 
|  15|0x0000000603c00000, 0x0000000603c00000, 0x0000000604000000|  0%| F|  |TAMS 0x0000000603c00000| PB 0x0000000603c00000| Untracked 
|  16|0x0000000604000000, 0x0000000604000000, 0x0000000604400000|  0%| F|  |TAMS 0x0000000604000000| PB 0x0000000604000000| Untracked 
|  17|0x0000000604400000, 0x0000000604400000, 0x0000000604800000|  0%| F|  |TAMS 0x0000000604400000| PB 0x0000000604400000| Untracked 
|  18|0x0000000604800000, 0x0000000604800000, 0x0000000604c00000|  0%| F|  |TAMS 0x0000000604800000| PB 0x0000000604800000| Untracked 
|  19|0x0000000604c00000, 0x0000000604c00000, 0x0000000605000000|  0%| F|  |TAMS 0x0000000604c00000| PB 0x0000000604c00000| Untracked 
|  20|0x0000000605000000, 0x0000000605000000, 0x0000000605400000|  0%| F|  |TAMS 0x0000000605000000| PB 0x0000000605000000| Untracked 
|  21|0x0000000605400000, 0x0000000605400000, 0x0000000605800000|  0%| F|  |TAMS 0x0000000605400000| PB 0x0000000605400000| Untracked 
|  34|0x0000000608800000, 0x0000000608800000, 0x0000000608c00000|  0%| F|  |TAMS 0x0000000608800000| PB 0x0000000608800000| Untracked 
|  35|0x0000000608c00000, 0x0000000608c00000, 0x0000000609000000|  0%| F|  |TAMS 0x0000000608c00000| PB 0x0000000608c00000| Untracked 
|  36|0x0000000609000000, 0x0000000609000000, 0x0000000609400000|  0%| F|  |TAMS 0x0000000609000000| PB 0x0000000609000000| Untracked 
|  37|0x0000000609400000, 0x0000000609400000, 0x0000000609800000|  0%| F|  |TAMS 0x0000000609400000| PB 0x0000000609400000| Untracked 
|  62|0x000000060f800000, 0x000000060f8cd580, 0x000000060fc00000| 20%| E|  |TAMS 0x000000060f800000| PB 0x000000060f800000| Complete 
|2044|0x00000007ff000000, 0x00000007ff400000, 0x00000007ff400000|100%| O|  |TAMS 0x00000007ff400000| PB 0x00000007ff000000| Untracked 
|2045|0x00000007ff400000, 0x00000007ff800000, 0x00000007ff800000|100%| O|  |TAMS 0x00000007ff800000| PB 0x00000007ff400000| Untracked 
|2046|0x00000007ff800000, 0x00000007ffc00000, 0x00000007ffc00000|100%| O|  |TAMS 0x00000007ffc00000| PB 0x00000007ff800000| Untracked 
|2047|0x00000007ffc00000, 0x0000000800000000, 0x0000000800000000|100%| O|  |TAMS 0x0000000800000000| PB 0x00000007ffc00000| Untracked 

Card table byte_map: [0x000002cd56d60000,0x000002cd57d60000] _byte_map_base: 0x000002cd53d60000

Marking Bits: (CMBitMap*) 0x000002cd5fe31740
 Bits: [0x000002cd57d60000, 0x000002cd5fd60000)

Polling page: 0x000002cd30100000

Metaspace:

Usage:
  Non-class:     59.32 MB used.
      Class:     10.06 MB used.
       Both:     69.38 MB used.

Virtual space:
  Non-class space:       64.00 MB reserved,      60.31 MB ( 94%) committed,  1 nodes.
      Class space:        1.00 GB reserved,      11.00 MB (  1%) committed,  1 nodes.
             Both:        1.06 GB reserved,      71.31 MB (  7%) committed. 

Chunk freelists:
   Non-Class:  3.66 MB
       Class:  5.04 MB
        Both:  8.69 MB

MaxMetaspaceSize: 4.00 GB
CompressedClassSpaceSize: 1.00 GB
Initial GC threshold: 21.00 MB
Current GC threshold: 99.38 MB
CDS: on
 - commit_granule_bytes: 65536.
 - commit_granule_words: 8192.
 - virtual_space_node_default_size: 8388608.
 - enlarge_chunks_in_place: 1.
 - use_allocation_guard: 0.


Internal statistics:

num_allocs_failed_limit: 12.
num_arena_births: 3528.
num_arena_deaths: 0.
num_vsnodes_births: 2.
num_vsnodes_deaths: 0.
num_space_committed: 1141.
num_space_uncommitted: 0.
num_chunks_returned_to_freelist: 12.
num_chunks_taken_from_freelist: 6729.
num_chunk_merges: 12.
num_chunk_splits: 4350.
num_chunks_enlarged: 2619.
num_inconsistent_stats: 0.

CodeHeap 'non-profiled nmethods': size=259264Kb used=4291Kb max_used=4291Kb free=254973Kb
 bounds [0x000002cd45180000, 0x000002cd455c0000, 0x000002cd54eb0000]
CodeHeap 'profiled nmethods': size=259264Kb used=14926Kb max_used=14926Kb free=244337Kb
 bounds [0x000002cd34eb0000, 0x000002cd35d50000, 0x000002cd44be0000]
CodeHeap 'non-nmethods': size=5760Kb used=1978Kb max_used=2018Kb free=3781Kb
 bounds [0x000002cd44be0000, 0x000002cd44e50000, 0x000002cd45180000]
CodeCache: size=524288Kb, used=21195Kb, max_used=21235Kb, free=503091Kb
 total_blobs=8504, nmethods=7670, adapters=736, full_count=0
Compilation: enabled, stopped_count=0, restarted_count=0

Compilation events (20 events):
Event: 39.862 Thread 0x000002cd5ffe1f70 nmethod 8349 0x000002cd455af210 code [0x000002cd455af420, 0x000002cd455afdf0]
Event: 39.863 Thread 0x000002cd5ffe1f70 8353       4       org.gradle.internal.instantiation.generator.AbstractClassGenerator::inspectType (560 bytes)
Event: 39.938 Thread 0x000002cd5ffee5e0 8361       3       org.objectweb.asm.SymbolTable::addConstantDynamicOrInvokeDynamicReference (140 bytes)
Event: 39.940 Thread 0x000002cd5ffee5e0 nmethod 8361 0x000002cd35d34390 code [0x000002cd35d345e0, 0x000002cd35d34cc8]
Event: 39.961 Thread 0x000002cd5ffee5e0 8363       3       org.gradle.api.internal.provider.DefaultProperty::<init> (27 bytes)
Event: 39.962 Thread 0x000002cd5ffee5e0 nmethod 8363 0x000002cd35d35010 code [0x000002cd35d352a0, 0x000002cd35d36180]
Event: 39.962 Thread 0x000002cd5ffee5e0 8364       3       org.gradle.api.internal.provider.AbstractProperty::init (7 bytes)
Event: 39.962 Thread 0x000002cd5ffee5e0 nmethod 8364 0x000002cd35d36610 code [0x000002cd35d367c0, 0x000002cd35d36ad8]
Event: 39.976 Thread 0x000002cd5ffee5e0 8365       3       org.gradle.api.internal.project.taskfactory.DefaultTaskClassInfoStore::createTaskAction (187 bytes)
Event: 39.980 Thread 0x000002cd5ffee5e0 nmethod 8365 0x000002cd35d36c10 code [0x000002cd35d371c0, 0x000002cd35d3a5d8]
Event: 39.990 Thread 0x000002cd5ffee5e0 8366       3       org.gradle.api.Namer$Comparator::compare (24 bytes)
Event: 39.990 Thread 0x000002cd5ffee5e0 nmethod 8366 0x000002cd35d3b510 code [0x000002cd35d3b6e0, 0x000002cd35d3b9e8]
Event: 39.990 Thread 0x000002cd5ffee5e0 8367       3       com.google.common.base.Preconditions::checkArgument (17 bytes)
Event: 39.991 Thread 0x000002cd5ffee5e0 nmethod 8367 0x000002cd35d3bb10 code [0x000002cd35d3bce0, 0x000002cd35d3c038]
Event: 39.991 Thread 0x000002cd5ffee5e0 8368       3       org.gradle.model.internal.type.ClassTypeWrapper::equals (41 bytes)
Event: 39.991 Thread 0x000002cd5ffee5e0 nmethod 8368 0x000002cd35d3c190 code [0x000002cd35d3c3a0, 0x000002cd35d3cc88]
Event: 39.991 Thread 0x000002cd5ffee5e0 8370       1       org.gradle.api.internal.provider.Collectors$TypedCollector::getType (5 bytes)
Event: 39.991 Thread 0x000002cd5ffee5e0 nmethod 8370 0x000002cd455b0310 code [0x000002cd455b04a0, 0x000002cd455b0570]
Event: 39.991 Thread 0x000002cd5ffee5e0 8369       1       org.gradle.api.internal.provider.DefaultProperty::getType (5 bytes)
Event: 39.992 Thread 0x000002cd5ffee5e0 nmethod 8369 0x000002cd455b0610 code [0x000002cd455b07a0, 0x000002cd455b0870]

GC Heap History (20 events):
Event: 16.159 GC heap before
{Heap before GC invocations=5 (full 0):
 garbage-first heap   total 98304K, used 93985K [0x0000000600000000, 0x0000000800000000)
  region size 4096K, 21 young (86016K), 4 survivors (16384K)
 Metaspace       used 29634K, committed 30912K, reserved 1114112K
  class space    used 4490K, committed 5120K, reserved 1048576K
}
Event: 16.181 GC heap after
{Heap after GC invocations=6 (full 0):
 garbage-first heap   total 118784K, used 27552K [0x0000000600000000, 0x0000000800000000)
  region size 4096K, 3 young (12288K), 3 survivors (12288K)
 Metaspace       used 29634K, committed 30912K, reserved 1114112K
  class space    used 4490K, committed 5120K, reserved 1048576K
}
Event: 17.365 GC heap before
{Heap before GC invocations=6 (full 0):
 garbage-first heap   total 118784K, used 68512K [0x0000000600000000, 0x0000000800000000)
  region size 4096K, 14 young (57344K), 3 survivors (12288K)
 Metaspace       used 34812K, committed 36096K, reserved 1114112K
  class space    used 5049K, committed 5696K, reserved 1048576K
}
Event: 17.384 GC heap after
{Heap after GC invocations=7 (full 0):
 garbage-first heap   total 118784K, used 32574K [0x0000000600000000, 0x0000000800000000)
  region size 4096K, 3 young (12288K), 3 survivors (12288K)
 Metaspace       used 34812K, committed 36096K, reserved 1114112K
  class space    used 5049K, committed 5696K, reserved 1048576K
}
Event: 17.464 GC heap before
{Heap before GC invocations=7 (full 0):
 garbage-first heap   total 118784K, used 32574K [0x0000000600000000, 0x0000000800000000)
  region size 4096K, 4 young (16384K), 3 survivors (12288K)
 Metaspace       used 35114K, committed 36416K, reserved 1114112K
  class space    used 5099K, committed 5760K, reserved 1048576K
}
Event: 17.472 GC heap after
{Heap after GC invocations=8 (full 0):
 garbage-first heap   total 118784K, used 32351K [0x0000000600000000, 0x0000000800000000)
  region size 4096K, 2 young (8192K), 2 survivors (8192K)
 Metaspace       used 35114K, committed 36416K, reserved 1114112K
  class space    used 5099K, committed 5760K, reserved 1048576K
}
Event: 19.921 GC heap before
{Heap before GC invocations=9 (full 0):
 garbage-first heap   total 118784K, used 93791K [0x0000000600000000, 0x0000000800000000)
  region size 4096K, 17 young (69632K), 2 survivors (8192K)
 Metaspace       used 39926K, committed 41472K, reserved 1114112K
  class space    used 5920K, committed 6656K, reserved 1048576K
}
Event: 19.928 GC heap after
{Heap after GC invocations=10 (full 0):
 garbage-first heap   total 118784K, used 35113K [0x0000000600000000, 0x0000000800000000)
  region size 4096K, 2 young (8192K), 2 survivors (8192K)
 Metaspace       used 39926K, committed 41472K, reserved 1114112K
  class space    used 5920K, committed 6656K, reserved 1048576K
}
Event: 23.139 GC heap before
{Heap before GC invocations=10 (full 0):
 garbage-first heap   total 118784K, used 92457K [0x0000000600000000, 0x0000000800000000)
  region size 4096K, 17 young (69632K), 2 survivors (8192K)
 Metaspace       used 44749K, committed 46400K, reserved 1114112K
  class space    used 6640K, committed 7424K, reserved 1048576K
}
Event: 23.146 GC heap after
{Heap after GC invocations=11 (full 0):
 garbage-first heap   total 118784K, used 37460K [0x0000000600000000, 0x0000000800000000)
  region size 4096K, 2 young (8192K), 2 survivors (8192K)
 Metaspace       used 44749K, committed 46400K, reserved 1114112K
  class space    used 6640K, committed 7424K, reserved 1048576K
}
Event: 27.904 GC heap before
{Heap before GC invocations=11 (full 0):
 garbage-first heap   total 118784K, used 98900K [0x0000000600000000, 0x0000000800000000)
  region size 4096K, 17 young (69632K), 2 survivors (8192K)
 Metaspace       used 53798K, committed 55488K, reserved 1114112K
  class space    used 7852K, committed 8704K, reserved 1048576K
}
Event: 27.921 GC heap after
{Heap after GC invocations=12 (full 0):
 garbage-first heap   total 118784K, used 43651K [0x0000000600000000, 0x0000000800000000)
  region size 4096K, 3 young (12288K), 3 survivors (12288K)
 Metaspace       used 53798K, committed 55488K, reserved 1114112K
  class space    used 7852K, committed 8704K, reserved 1048576K
}
Event: 30.690 GC heap before
{Heap before GC invocations=12 (full 0):
 garbage-first heap   total 118784K, used 100995K [0x0000000600000000, 0x0000000800000000)
  region size 4096K, 17 young (69632K), 3 survivors (12288K)
 Metaspace       used 58000K, committed 59840K, reserved 1114112K
  class space    used 8536K, committed 9408K, reserved 1048576K
}
Event: 30.710 GC heap after
{Heap after GC invocations=13 (full 0):
 garbage-first heap   total 122880K, used 46598K [0x0000000600000000, 0x0000000800000000)
  region size 4096K, 3 young (12288K), 3 survivors (12288K)
 Metaspace       used 58000K, committed 59840K, reserved 1114112K
  class space    used 8536K, committed 9408K, reserved 1048576K
}
Event: 32.342 GC heap before
{Heap before GC invocations=13 (full 0):
 garbage-first heap   total 122880K, used 54790K [0x0000000600000000, 0x0000000800000000)
  region size 4096K, 7 young (28672K), 3 survivors (12288K)
 Metaspace       used 58981K, committed 60800K, reserved 1114112K
  class space    used 8671K, committed 9600K, reserved 1048576K
}
Event: 32.352 GC heap after
{Heap after GC invocations=14 (full 0):
 garbage-first heap   total 122880K, used 50018K [0x0000000600000000, 0x0000000800000000)
  region size 4096K, 2 young (8192K), 2 survivors (8192K)
 Metaspace       used 58981K, committed 60800K, reserved 1114112K
  class space    used 8671K, committed 9600K, reserved 1048576K
}
Event: 35.477 GC heap before
{Heap before GC invocations=15 (full 0):
 garbage-first heap   total 122880K, used 111458K [0x0000000600000000, 0x0000000800000000)
  region size 4096K, 15 young (61440K), 2 survivors (8192K)
 Metaspace       used 64647K, committed 66496K, reserved 1114112K
  class space    used 9456K, committed 10368K, reserved 1048576K
}
Event: 35.486 GC heap after
{Heap after GC invocations=16 (full 0):
 garbage-first heap   total 126976K, used 62518K [0x0000000600000000, 0x0000000800000000)
  region size 4096K, 2 young (8192K), 2 survivors (8192K)
 Metaspace       used 64647K, committed 66496K, reserved 1114112K
  class space    used 9456K, committed 10368K, reserved 1048576K
}
Event: 38.474 GC heap before
{Heap before GC invocations=16 (full 0):
 garbage-first heap   total 126976K, used 107574K [0x0000000600000000, 0x0000000800000000)
  region size 4096K, 13 young (53248K), 2 survivors (8192K)
 Metaspace       used 68262K, committed 70208K, reserved 1114112K
  class space    used 9922K, committed 10880K, reserved 1048576K
}
Event: 38.487 GC heap after
{Heap after GC invocations=17 (full 0):
 garbage-first heap   total 126976K, used 63176K [0x0000000600000000, 0x0000000800000000)
  region size 4096K, 2 young (8192K), 2 survivors (8192K)
 Metaspace       used 68262K, committed 70208K, reserved 1114112K
  class space    used 9922K, committed 10880K, reserved 1048576K
}

Dll operation events (14 events):
Event: 0.075 Loaded shared library C:\Users\Sofia Toro\.vscode\extensions\redhat.java-1.53.0-win32-x64\jre\21.0.10-win32-x86_64\bin\java.dll
Event: 0.223 Loaded shared library C:\Users\Sofia Toro\.vscode\extensions\redhat.java-1.53.0-win32-x64\jre\21.0.10-win32-x86_64\bin\zip.dll
Event: 0.267 Loaded shared library C:\Users\Sofia Toro\.vscode\extensions\redhat.java-1.53.0-win32-x64\jre\21.0.10-win32-x86_64\bin\instrument.dll
Event: 0.282 Loaded shared library C:\Users\Sofia Toro\.vscode\extensions\redhat.java-1.53.0-win32-x64\jre\21.0.10-win32-x86_64\bin\net.dll
Event: 0.288 Loaded shared library C:\Users\Sofia Toro\.vscode\extensions\redhat.java-1.53.0-win32-x64\jre\21.0.10-win32-x86_64\bin\nio.dll
Event: 0.294 Loaded shared library C:\Users\Sofia Toro\.vscode\extensions\redhat.java-1.53.0-win32-x64\jre\21.0.10-win32-x86_64\bin\zip.dll
Event: 0.966 Loaded shared library C:\Users\Sofia Toro\.vscode\extensions\redhat.java-1.53.0-win32-x64\jre\21.0.10-win32-x86_64\bin\jimage.dll
Event: 1.415 Loaded shared library C:\Users\Sofia Toro\.vscode\extensions\redhat.java-1.53.0-win32-x64\jre\21.0.10-win32-x86_64\bin\verify.dll
Event: 1.805 Loaded shared library C:\Users\Sofia Toro\.gradle\native\c067742578af261105cb4f569cf0c3c89f3d7b1fecec35dd04571415982c5e48\windows-amd64\native-platform.dll
Event: 3.117 Loaded shared library C:\Users\Sofia Toro\.gradle\native\100fb08df4bc3b14c8652ba06237920a3bd2aa13389f12d3474272988ae205f9\windows-amd64\native-platform-file-events.dll
Event: 6.493 Loaded shared library C:\Users\Sofia Toro\.vscode\extensions\redhat.java-1.53.0-win32-x64\jre\21.0.10-win32-x86_64\bin\management.dll
Event: 6.509 Loaded shared library C:\Users\Sofia Toro\.vscode\extensions\redhat.java-1.53.0-win32-x64\jre\21.0.10-win32-x86_64\bin\management_ext.dll
Event: 7.317 Loaded shared library C:\Users\Sofia Toro\.vscode\extensions\redhat.java-1.53.0-win32-x64\jre\21.0.10-win32-x86_64\bin\extnet.dll
Event: 8.023 Loaded shared library C:\Users\Sofia Toro\.vscode\extensions\redhat.java-1.53.0-win32-x64\jre\21.0.10-win32-x86_64\bin\sunmscapi.dll

Deoptimization events (20 events):
Event: 37.908 Thread 0x000002cda99b0800 DEOPT PACKING pc=0x000002cd357e1bb1 sp=0x000000d5254f1da0
Event: 37.908 Thread 0x000002cda99b0800 DEOPT UNPACKING pc=0x000002cd44c34bc2 sp=0x000000d5254f12b0 mode 0
Event: 38.741 Thread 0x000002cda99b0800 Uncommon trap: trap_request=0xffffffcc fr.pc=0x000002cd45584cfc relative=0x000000000000023c
Event: 38.741 Thread 0x000002cda99b0800 Uncommon trap: reason=intrinsic_or_type_checked_inlining action=make_not_entrant pc=0x000002cd45584cfc method=java.util.ArrayList.toArray([Ljava/lang/Object;)[Ljava/lang/Object; @ 36 c2
Event: 38.741 Thread 0x000002cda99b0800 DEOPT PACKING pc=0x000002cd45584cfc sp=0x000000d5254f2bf0
Event: 38.741 Thread 0x000002cda99b0800 DEOPT UNPACKING pc=0x000002cd44c34422 sp=0x000000d5254f2ba0 mode 2
Event: 38.830 Thread 0x000002cda99b0800 Uncommon trap: trap_request=0xffffffdc fr.pc=0x000002cd4558877c relative=0x00000000000002bc
Event: 38.830 Thread 0x000002cda99b0800 Uncommon trap: reason=class_check action=make_not_entrant pc=0x000002cd4558877c method=java.util.ArrayList.toArray([Ljava/lang/Object;)[Ljava/lang/Object; @ 21 c2
Event: 38.830 Thread 0x000002cda99b0800 DEOPT PACKING pc=0x000002cd4558877c sp=0x000000d5254f2cf0
Event: 38.830 Thread 0x000002cda99b0800 DEOPT UNPACKING pc=0x000002cd44c34422 sp=0x000000d5254f2cc0 mode 2
Event: 39.158 Thread 0x000002cda99b0800 Uncommon trap: trap_request=0xffffff45 fr.pc=0x000002cd452e8434 relative=0x0000000000000374
Event: 39.158 Thread 0x000002cda99b0800 Uncommon trap: reason=unstable_if action=reinterpret pc=0x000002cd452e8434 method=java.lang.String.regionMatches(ZILjava/lang/String;II)Z @ 1 c2
Event: 39.158 Thread 0x000002cda99b0800 DEOPT PACKING pc=0x000002cd452e8434 sp=0x000000d5254f36d0
Event: 39.158 Thread 0x000002cda99b0800 DEOPT UNPACKING pc=0x000002cd44c34422 sp=0x000000d5254f3668 mode 2
Event: 39.834 Thread 0x000002cda99b0800 DEOPT PACKING pc=0x000002cd35b4d10e sp=0x000000d5254f5320
Event: 39.834 Thread 0x000002cda99b0800 DEOPT UNPACKING pc=0x000002cd44c34bc2 sp=0x000000d5254f48d0 mode 0
Event: 39.841 Thread 0x000002cda99b0800 Uncommon trap: trap_request=0xffffff3d fr.pc=0x000002cd453fa890 relative=0x0000000000000fb0
Event: 39.841 Thread 0x000002cda99b0800 Uncommon trap: reason=unstable_fused_if action=reinterpret pc=0x000002cd453fa890 method=org.objectweb.asm.Frame.execute(IILorg/objectweb/asm/Symbol;Lorg/objectweb/asm/SymbolTable;)V @ 1 c2
Event: 39.841 Thread 0x000002cda99b0800 DEOPT PACKING pc=0x000002cd453fa890 sp=0x000000d5254f4d30
Event: 39.841 Thread 0x000002cda99b0800 DEOPT UNPACKING pc=0x000002cd44c34422 sp=0x000000d5254f4cb8 mode 2

Classes loaded (20 events):
Event: 35.776 Loading class java/lang/Override
Event: 35.776 Loading class java/lang/Override done
Event: 38.006 Loading class java/util/AbstractList$ListItr
Event: 38.007 Loading class java/util/AbstractList$ListItr done
Event: 38.674 Loading class java/util/regex/Pattern$Pos
Event: 38.674 Loading class java/util/regex/Pattern$Pos done
Event: 38.715 Loading class java/lang/ThreadDeath
Event: 38.716 Loading class java/lang/ThreadDeath done
Event: 38.716 Loading class sun/misc/SharedSecrets
Event: 38.716 Loading class sun/misc/SharedSecrets done
Event: 38.725 Loading class com/sun/beans/finder/MethodFinder
Event: 38.727 Loading class com/sun/beans/finder/AbstractFinder
Event: 38.727 Loading class com/sun/beans/finder/AbstractFinder done
Event: 38.727 Loading class com/sun/beans/finder/MethodFinder done
Event: 38.727 Loading class com/sun/beans/finder/MethodFinder$1
Event: 38.727 Loading class com/sun/beans/finder/MethodFinder$1 done
Event: 38.727 Loading class com/sun/beans/finder/FinderUtils
Event: 38.728 Loading class com/sun/beans/finder/FinderUtils done
Event: 39.148 Loading class java/nio/file/FileTreeWalker$1
Event: 39.148 Loading class java/nio/file/FileTreeWalker$1 done

Classes unloaded (0 events):
No events

Classes redefined (0 events):
No events

Internal exceptions (20 events):
Event: 33.909 Thread 0x000002cda99b0800 Exception <a 'java/lang/NoSuchMethodError'{0x0000000604d61690}: 'long java.lang.invoke.DelegatingMethodHandle$Holder.reinvoke_L(java.lang.Object, java.lang.Object)'> (0x0000000604d61690) 
thrown [s\src\hotspot\share\interpreter\linkResolver.cpp, line 773]
Event: 38.716 Thread 0x000002cda99b0800 Exception <a 'java/lang/ClassNotFoundException'{0x0000000609727e00}: sun/misc/SharedSecrets> (0x0000000609727e00) 
thrown [s\src\hotspot\share\classfile\systemDictionary.cpp, line 312]
Event: 38.716 Thread 0x000002cda99b0800 Exception <a 'java/lang/ClassNotFoundException'{0x0000000609729eb0}: groovy/lang/Closure$1BeanInfo> (0x0000000609729eb0) 
thrown [s\src\hotspot\share\classfile\systemDictionary.cpp, line 312]
Event: 38.717 Thread 0x000002cda99b0800 Exception <a 'java/lang/ClassNotFoundException'{0x00000006097464e8}: groovy/lang/ClosureBeanInfo> (0x00000006097464e8) 
thrown [s\src\hotspot\share\classfile\systemDictionary.cpp, line 312]
Event: 38.718 Thread 0x000002cda99b0800 Exception <a 'java/lang/ClassNotFoundException'{0x0000000609762888}: groovy/lang/ClosureCustomizer> (0x0000000609762888) 
thrown [s\src\hotspot\share\classfile\systemDictionary.cpp, line 312]
Event: 38.725 Thread 0x000002cda99b0800 Exception <a 'java/lang/ClassNotFoundException'{0x00000006097a4d20}: groovy/lang/Closure$1Customizer> (0x00000006097a4d20) 
thrown [s\src\hotspot\share\classfile\systemDictionary.cpp, line 312]
Event: 38.747 Thread 0x000002cda99b0800 Exception <a 'java/lang/ClassNotFoundException'{0x00000006090292a0}: org/jetbrains/kotlin/gradle/targets/js/npm/DefaultNpmDependencyExtensionBeanInfo> (0x00000006090292a0) 
thrown [s\src\hotspot\share\classfile\systemDictionary.cpp, line 312]
Event: 38.748 Thread 0x000002cda99b0800 Exception <a 'java/lang/ClassNotFoundException'{0x00000006090380e0}: org/jetbrains/kotlin/gradle/targets/js/npm/DefaultNpmDependencyExtensionCustomizer> (0x00000006090380e0) 
thrown [s\src\hotspot\share\classfile\systemDictionary.cpp, line 312]
Event: 38.765 Thread 0x000002cda99b0800 Exception <a 'java/lang/ClassNotFoundException'{0x00000006090df9b8}: org/jetbrains/kotlin/gradle/targets/js/npm/NpmDependencyExtensionKt$defaultNpmDependencyDelegate$1BeanInfo> (0x00000006090df9b8) 
thrown [s\src\hotspot\share\classfile\systemDictionary.cpp, line 312]
Event: 38.765 Thread 0x000002cda99b0800 Exception <a 'java/lang/ClassNotFoundException'{0x00000006090ee838}: org/jetbrains/kotlin/gradle/targets/js/npm/NpmDependencyExtensionDelegateBeanInfo> (0x00000006090ee838) 
thrown [s\src\hotspot\share\classfile\systemDictionary.cpp, line 312]
Event: 38.766 Thread 0x000002cda99b0800 Exception <a 'java/lang/ClassNotFoundException'{0x00000006090fd688}: org/jetbrains/kotlin/gradle/targets/js/npm/NpmDependencyExtensionDelegateCustomizer> (0x00000006090fd688) 
thrown [s\src\hotspot\share\classfile\systemDictionary.cpp, line 312]
Event: 38.769 Thread 0x000002cda99b0800 Exception <a 'java/lang/ClassNotFoundException'{0x00000006091390b8}: org/jetbrains/kotlin/gradle/targets/js/npm/NpmDependencyExtensionKt$defaultNpmDependencyDelegate$1Customizer> (0x00000006091390b8) 
thrown [s\src\hotspot\share\classfile\systemDictionary.cpp, line 312]
Event: 38.778 Thread 0x000002cda99b0800 Exception <a 'java/lang/ClassNotFoundException'{0x0000000609184258}: org/jetbrains/kotlin/gradle/targets/js/npm/DefaultDevNpmDependencyExtensionBeanInfo> (0x0000000609184258) 
thrown [s\src\hotspot\share\classfile\systemDictionary.cpp, line 312]
Event: 38.778 Thread 0x000002cda99b0800 Exception <a 'java/lang/ClassNotFoundException'{0x00000006091930b0}: org/jetbrains/kotlin/gradle/targets/js/npm/DefaultDevNpmDependencyExtensionCustomizer> (0x00000006091930b0) 
thrown [s\src\hotspot\share\classfile\systemDictionary.cpp, line 312]
Event: 38.787 Thread 0x000002cda99b0800 Exception <a 'java/lang/ClassNotFoundException'{0x00000006091e9420}: org/jetbrains/kotlin/gradle/targets/js/npm/DefaultPeerNpmDependencyExtensionBeanInfo> (0x00000006091e9420) 
thrown [s\src\hotspot\share\classfile\systemDictionary.cpp, line 312]
Event: 38.790 Thread 0x000002cda99b0800 Exception <a 'java/lang/ClassNotFoundException'{0x00000006091f8280}: org/jetbrains/kotlin/gradle/targets/js/npm/DefaultPeerNpmDependencyExtensionCustomizer> (0x00000006091f8280) 
thrown [s\src\hotspot\share\classfile\systemDictionary.cpp, line 312]
Event: 38.799 Thread 0x000002cda99b0800 Exception <a 'java/lang/ClassNotFoundException'{0x000000060925bc88}: org/jetbrains/kotlin/gradle/targets/js/npm/DefaultPeerNpmDependencyExtension$delegate$1BeanInfo> (0x000000060925bc88) 
thrown [s\src\hotspot\share\classfile\systemDictionary.cpp, line 312]
Event: 38.799 Thread 0x000002cda99b0800 Exception <a 'java/lang/ClassNotFoundException'{0x000000060926af00}: org/jetbrains/kotlin/gradle/targets/js/npm/DefaultPeerNpmDependencyExtension$delegate$1Customizer> (0x000000060926af00) 
thrown [s\src\hotspot\share\classfile\systemDictionary.cpp, line 312]
Event: 38.838 Thread 0x000002cda99b0800 Exception <a 'java/lang/NoSuchMethodError'{0x00000006093b4c80}: static Lorg/jetbrains/kotlin/gradle/plugin/internal/DefaultIdeaSyncDetector$createIdeaPropertiesEvaluator$1;.<clinit>()V> (0x00000006093b4c80) 
thrown [s\src\hotspot\share\prims\jni.cpp, line 1111]
Event: 39.130 Thread 0x000002cda99b0800 Exception <a 'java/lang/NoSuchMethodError'{0x000000060541b398}: 'int java.lang.invoke.DirectMethodHandle$Holder.invokeSpecialIFC(java.lang.Object, java.lang.Object, java.lang.Object, java.lang.Object, java.lang.Object)'> (0x000000060541b398) 
thrown [s\src\hotspot\share\interpreter\linkResolver.cpp, line 773]

ZGC Phase Switch (0 events):
No events

VM Operations (20 events):
Event: 33.417 Executing safepoint VM operation: Cleanup
Event: 33.417 Executing safepoint VM operation: Cleanup done
Event: 34.424 Executing safepoint VM operation: Cleanup
Event: 34.425 Executing safepoint VM operation: Cleanup done
Event: 35.431 Executing safepoint VM operation: Cleanup
Event: 35.431 Executing safepoint VM operation: Cleanup done
Event: 35.477 Executing safepoint VM operation: G1CollectForAllocation (G1 Evacuation Pause)
Event: 35.486 Executing safepoint VM operation: G1CollectForAllocation (G1 Evacuation Pause) done
Event: 36.491 Executing safepoint VM operation: Cleanup
Event: 36.491 Executing safepoint VM operation: Cleanup done
Event: 37.500 Executing safepoint VM operation: Cleanup
Event: 37.515 Executing safepoint VM operation: Cleanup done
Event: 38.009 Executing non-safepoint VM operation: HandshakeAllThreads (Deoptimize)
Event: 38.009 Executing non-safepoint VM operation: HandshakeAllThreads (Deoptimize) done
Event: 38.474 Executing safepoint VM operation: G1CollectForAllocation (G1 Evacuation Pause)
Event: 38.487 Executing safepoint VM operation: G1CollectForAllocation (G1 Evacuation Pause) done
Event: 39.499 Executing safepoint VM operation: Cleanup
Event: 39.499 Executing safepoint VM operation: Cleanup done
Event: 40.503 Executing safepoint VM operation: Cleanup
Event: 40.504 Executing safepoint VM operation: Cleanup done

Memory protections (0 events):
No events

Nmethod flushes (20 events):
Event: 32.390 Thread 0x000002cd5ffbe300 flushing  nmethod 0x000002cd4535a010
Event: 32.390 Thread 0x000002cd5ffbe300 flushing  nmethod 0x000002cd3500ae10
Event: 32.390 Thread 0x000002cd5ffbe300 flushing  nmethod 0x000002cd35036e90
Event: 32.390 Thread 0x000002cd5ffbe300 flushing  nmethod 0x000002cd3503d590
Event: 32.390 Thread 0x000002cd5ffbe300 flushing  nmethod 0x000002cd3503ec10
Event: 32.390 Thread 0x000002cd5ffbe300 flushing  nmethod 0x000002cd350a3590
Event: 32.390 Thread 0x000002cd5ffbe300 flushing  nmethod 0x000002cd350c3b90
Event: 32.390 Thread 0x000002cd5ffbe300 flushing  nmethod 0x000002cd350c5690
Event: 32.390 Thread 0x000002cd5ffbe300 flushing  nmethod 0x000002cd3552d890
Event: 32.390 Thread 0x000002cd5ffbe300 flushing  nmethod 0x000002cd35663e90
Event: 32.390 Thread 0x000002cd5ffbe300 flushing  nmethod 0x000002cd35664a10
Event: 32.390 Thread 0x000002cd5ffbe300 flushing  nmethod 0x000002cd35664e90
Event: 32.390 Thread 0x000002cd5ffbe300 flushing  nmethod 0x000002cd356c3090
Event: 32.390 Thread 0x000002cd5ffbe300 flushing  nmethod 0x000002cd356c4c10
Event: 32.390 Thread 0x000002cd5ffbe300 flushing  nmethod 0x000002cd356c5310
Event: 32.390 Thread 0x000002cd5ffbe300 flushing  nmethod 0x000002cd356c5790
Event: 32.390 Thread 0x000002cd5ffbe300 flushing  nmethod 0x000002cd356c7090
Event: 32.390 Thread 0x000002cd5ffbe300 flushing  nmethod 0x000002cd356e5190
Event: 32.390 Thread 0x000002cd5ffbe300 flushing  nmethod 0x000002cd3572c390
Event: 32.390 Thread 0x000002cd5ffbe300 flushing  nmethod 0x000002cd3572cc10

Events (20 events):
Event: 27.840 Thread 0x000002cda99b0800 Thread added: 0x000002cdab681a90
Event: 27.845 Thread 0x000002cda99b0800 Thread added: 0x000002cdab6855a0
Event: 27.853 Thread 0x000002cda99b0800 Thread added: 0x000002cdab682120
Event: 27.869 Thread 0x000002cda99b0800 Thread added: 0x000002cdab685c30
Event: 27.875 Thread 0x000002cda99b0800 Thread added: 0x000002cdab687670
Event: 27.886 Thread 0x000002cda99b0800 Thread added: 0x000002cdab6862c0
Event: 27.891 Thread 0x000002cda99b0800 Thread added: 0x000002cdab686950
Event: 28.287 Thread 0x000002cda99b0800 Thread added: 0x000002cdab686fe0
Event: 28.288 Thread 0x000002cda99b0800 Thread added: 0x000002cda8a3f440
Event: 28.290 Thread 0x000002cda99b0800 Thread added: 0x000002cda8a41510
Event: 28.292 Thread 0x000002cda99b0800 Thread added: 0x000002cda8a3e090
Event: 28.293 Thread 0x000002cda99b0800 Thread added: 0x000002cda8a3edb0
Event: 28.294 Thread 0x000002cda99b0800 Thread added: 0x000002cda8a407f0
Event: 28.295 Thread 0x000002cda99b0800 Thread added: 0x000002cda8a3fad0
Event: 28.296 Thread 0x000002cda99b0800 Thread added: 0x000002cda8a40160
Event: 28.297 Thread 0x000002cda99b0800 Thread added: 0x000002cda8a40e80
Event: 28.302 Thread 0x000002cda99b0800 Thread added: 0x000002cda8a41ba0
Event: 28.303 Thread 0x000002cda99b0800 Thread added: 0x000002cda8a3e720
Event: 30.165 Thread 0x000002cda99b0800 Thread added: 0x000002cda8a456b0
Event: 32.851 Thread 0x000002cda99b0800 Thread added: 0x000002cda8a428c0


Dynamic libraries:
0x00007ff6e43c0000 - 0x00007ff6e43ce000 	C:\Users\Sofia Toro\.vscode\extensions\redhat.java-1.53.0-win32-x64\jre\21.0.10-win32-x86_64\bin\java.exe
0x00007ff98f740000 - 0x00007ff98f9a8000 	C:\WINDOWS\SYSTEM32\ntdll.dll
0x00007ff98d600000 - 0x00007ff98d6c9000 	C:\WINDOWS\System32\KERNEL32.DLL
0x00007ff98c250000 - 0x00007ff98c641000 	C:\WINDOWS\System32\KERNELBASE.dll
0x00007ff989270000 - 0x00007ff98930e000 	C:\WINDOWS\SYSTEM32\apphelp.dll
0x00007ff98d2e0000 - 0x00007ff98d42b000 	C:\WINDOWS\System32\ucrtbase.dll
0x00007ff9677a0000 - 0x00007ff9677be000 	C:\Users\Sofia Toro\.vscode\extensions\redhat.java-1.53.0-win32-x64\jre\21.0.10-win32-x86_64\bin\VCRUNTIME140.dll
0x00007ff95f510000 - 0x00007ff95f528000 	C:\Users\Sofia Toro\.vscode\extensions\redhat.java-1.53.0-win32-x64\jre\21.0.10-win32-x86_64\bin\jli.dll
0x00007ff98ec80000 - 0x00007ff98ee46000 	C:\WINDOWS\System32\USER32.dll
0x00007ff98c830000 - 0x00007ff98c857000 	C:\WINDOWS\System32\win32u.dll
0x00007ff967c90000 - 0x00007ff967f23000 	C:\WINDOWS\WinSxS\amd64_microsoft.windows.common-controls_6595b64144ccf1df_6.0.26100.7824_none_3e0870b2e3345462\COMCTL32.dll
0x00007ff98dbe0000 - 0x00007ff98dc0b000 	C:\WINDOWS\System32\GDI32.dll
0x00007ff98c700000 - 0x00007ff98c82b000 	C:\WINDOWS\System32\gdi32full.dll
0x00007ff98d430000 - 0x00007ff98d4d3000 	C:\WINDOWS\System32\msvcp_win.dll
0x00007ff98d4e0000 - 0x00007ff98d589000 	C:\WINDOWS\System32\msvcrt.dll
0x00007ff98ee50000 - 0x00007ff98ee81000 	C:\WINDOWS\System32\IMM32.DLL
0x00007ff9891c0000 - 0x00007ff9891cc000 	C:\Users\Sofia Toro\.vscode\extensions\redhat.java-1.53.0-win32-x64\jre\21.0.10-win32-x86_64\bin\vcruntime140_1.dll
0x00007ff9186a0000 - 0x00007ff91872d000 	C:\Users\Sofia Toro\.vscode\extensions\redhat.java-1.53.0-win32-x64\jre\21.0.10-win32-x86_64\bin\msvcp140.dll
0x00007ff8b4620000 - 0x00007ff8b53c1000 	C:\Users\Sofia Toro\.vscode\extensions\redhat.java-1.53.0-win32-x64\jre\21.0.10-win32-x86_64\bin\server\jvm.dll
0x00007ff98db20000 - 0x00007ff98dbd4000 	C:\WINDOWS\System32\ADVAPI32.dll
0x00007ff98ebd0000 - 0x00007ff98ec76000 	C:\WINDOWS\System32\sechost.dll
0x00007ff98e300000 - 0x00007ff98e418000 	C:\WINDOWS\System32\RPCRT4.dll
0x00007ff98dfa0000 - 0x00007ff98e014000 	C:\WINDOWS\System32\WS2_32.dll
0x00007ff98b670000 - 0x00007ff98b6ce000 	C:\WINDOWS\SYSTEM32\POWRPROF.dll
0x00007ff9770b0000 - 0x00007ff9770bb000 	C:\WINDOWS\SYSTEM32\VERSION.dll
0x00007ff97fa90000 - 0x00007ff97fac5000 	C:\WINDOWS\SYSTEM32\WINMM.dll
0x00007ff98b650000 - 0x00007ff98b664000 	C:\WINDOWS\SYSTEM32\UMPDC.dll
0x00007ff98ad80000 - 0x00007ff98ad9b000 	C:\WINDOWS\SYSTEM32\kernel.appcore.dll
0x00007ff97a0c0000 - 0x00007ff97a0ca000 	C:\Users\Sofia Toro\.vscode\extensions\redhat.java-1.53.0-win32-x64\jre\21.0.10-win32-x86_64\bin\jimage.dll
0x00007ff989770000 - 0x00007ff9899b2000 	C:\WINDOWS\SYSTEM32\DBGHELP.DLL
0x00007ff98dc10000 - 0x00007ff98df96000 	C:\WINDOWS\System32\combase.dll
0x00007ff98e220000 - 0x00007ff98e2f7000 	C:\WINDOWS\System32\OLEAUT32.dll
0x00007ff969980000 - 0x00007ff9699bb000 	C:\WINDOWS\SYSTEM32\dbgcore.DLL
0x00007ff98c650000 - 0x00007ff98c6f5000 	C:\WINDOWS\System32\bcryptPrimitives.dll
0x00007ff979630000 - 0x00007ff97963f000 	C:\Users\Sofia Toro\.vscode\extensions\redhat.java-1.53.0-win32-x64\jre\21.0.10-win32-x86_64\bin\instrument.dll
0x00007ff9568a0000 - 0x00007ff9568c0000 	C:\Users\Sofia Toro\.vscode\extensions\redhat.java-1.53.0-win32-x64\jre\21.0.10-win32-x86_64\bin\java.dll
0x00007ff98ee90000 - 0x00007ff98f5e2000 	C:\WINDOWS\System32\SHELL32.dll
0x00007ff98c020000 - 0x00007ff98c18a000 	C:\WINDOWS\System32\wintypes.dll
0x00007ff98ca70000 - 0x00007ff98d2d3000 	C:\WINDOWS\System32\windows.storage.dll
0x00007ff98ea50000 - 0x00007ff98eb46000 	C:\WINDOWS\System32\SHCORE.dll
0x00007ff98d590000 - 0x00007ff98d5f7000 	C:\WINDOWS\System32\shlwapi.dll
0x00007ff98bf40000 - 0x00007ff98bf69000 	C:\WINDOWS\SYSTEM32\profapi.dll
0x00007ff951350000 - 0x00007ff951368000 	C:\Users\Sofia Toro\.vscode\extensions\redhat.java-1.53.0-win32-x64\jre\21.0.10-win32-x86_64\bin\zip.dll
0x00007ff978fc0000 - 0x00007ff978fd0000 	C:\Users\Sofia Toro\.vscode\extensions\redhat.java-1.53.0-win32-x64\jre\21.0.10-win32-x86_64\bin\net.dll
0x00007ff985580000 - 0x00007ff9856a7000 	C:\WINDOWS\SYSTEM32\WINHTTP.dll
0x00007ff98b340000 - 0x00007ff98b3ab000 	C:\WINDOWS\system32\mswsock.dll
0x00007ff950e80000 - 0x00007ff950e96000 	C:\Users\Sofia Toro\.vscode\extensions\redhat.java-1.53.0-win32-x64\jre\21.0.10-win32-x86_64\bin\nio.dll
0x00007ff979620000 - 0x00007ff979630000 	C:\Users\Sofia Toro\.vscode\extensions\redhat.java-1.53.0-win32-x64\jre\21.0.10-win32-x86_64\bin\verify.dll
0x00007ff9510c0000 - 0x00007ff9510e7000 	C:\Users\Sofia Toro\.gradle\native\c067742578af261105cb4f569cf0c3c89f3d7b1fecec35dd04571415982c5e48\windows-amd64\native-platform.dll
0x00007ff920c70000 - 0x00007ff920db4000 	C:\Users\Sofia Toro\.gradle\native\100fb08df4bc3b14c8652ba06237920a3bd2aa13389f12d3474272988ae205f9\windows-amd64\native-platform-file-events.dll
0x00007ff9707e0000 - 0x00007ff9707ea000 	C:\Users\Sofia Toro\.vscode\extensions\redhat.java-1.53.0-win32-x64\jre\21.0.10-win32-x86_64\bin\management.dll
0x00007ff96f110000 - 0x00007ff96f11c000 	C:\Users\Sofia Toro\.vscode\extensions\redhat.java-1.53.0-win32-x64\jre\21.0.10-win32-x86_64\bin\management_ext.dll
0x00007ff98f6f0000 - 0x00007ff98f6f8000 	C:\WINDOWS\System32\PSAPI.DLL
0x00007ff98b7e0000 - 0x00007ff98b7fb000 	C:\WINDOWS\SYSTEM32\CRYPTSP.dll
0x00007ff98ace0000 - 0x00007ff98ad19000 	C:\WINDOWS\system32\rsaenh.dll
0x00007ff98b3f0000 - 0x00007ff98b41b000 	C:\WINDOWS\SYSTEM32\USERENV.dll
0x00007ff98bf10000 - 0x00007ff98bf3a000 	C:\WINDOWS\SYSTEM32\bcrypt.dll
0x00007ff98b590000 - 0x00007ff98b59c000 	C:\WINDOWS\SYSTEM32\CRYPTBASE.dll
0x00007ff98a7d0000 - 0x00007ff98a804000 	C:\WINDOWS\SYSTEM32\IPHLPAPI.DLL
0x00007ff98d6d0000 - 0x00007ff98d6da000 	C:\WINDOWS\System32\NSI.dll
0x00007ff967410000 - 0x00007ff967419000 	C:\Users\Sofia Toro\.vscode\extensions\redhat.java-1.53.0-win32-x64\jre\21.0.10-win32-x86_64\bin\extnet.dll
0x00007ff96f0d0000 - 0x00007ff96f0de000 	C:\Users\Sofia Toro\.vscode\extensions\redhat.java-1.53.0-win32-x64\jre\21.0.10-win32-x86_64\bin\sunmscapi.dll
0x00007ff98c860000 - 0x00007ff98c9d7000 	C:\WINDOWS\System32\CRYPT32.dll
0x00007ff98b940000 - 0x00007ff98b970000 	C:\WINDOWS\SYSTEM32\ncrypt.dll
0x00007ff98b8f0000 - 0x00007ff98b92f000 	C:\WINDOWS\SYSTEM32\NTASN1.dll
0x00007ff967480000 - 0x00007ff967488000 	C:\WINDOWS\system32\wshunix.dll
0x00007ff98a870000 - 0x00007ff98a99c000 	C:\WINDOWS\SYSTEM32\DNSAPI.dll
0x00007ff9857f0000 - 0x00007ff9857fb000 	C:\Windows\System32\rasadhlp.dll
0x00007ff985b80000 - 0x00007ff985c06000 	C:\WINDOWS\System32\fwpuclnt.dll
0x00007ff968730000 - 0x00007ff968748000 	C:\WINDOWS\system32\napinsp.dll
0x00007ff967c70000 - 0x00007ff967c82000 	C:\WINDOWS\System32\winrnr.dll

JVMTI agents:
C:\Users\Sofia Toro\.gradle\wrapper\dists\gradle-8.10.2-all\7iv73wktx1xtkvlq19urqw1wm\gradle-8.10.2\lib\agents\gradle-instrumentation-agent-8.10.2.jar path:C:\Users\Sofia Toro\.vscode\extensions\redhat.java-1.53.0-win32-x64\jre\21.0.10-win32-x86_64\bin\instrument.dll, loaded, initialized, instrumentlib options:none

dbghelp: loaded successfully - version: 4.0.5 - missing functions: none
symbol engine: initialized successfully - sym options: 0x614 - pdb path: .;C:\Users\Sofia Toro\.vscode\extensions\redhat.java-1.53.0-win32-x64\jre\21.0.10-win32-x86_64\bin;C:\WINDOWS\SYSTEM32;C:\WINDOWS\WinSxS\amd64_microsoft.windows.common-controls_6595b64144ccf1df_6.0.26100.7824_none_3e0870b2e3345462;C:\Users\Sofia Toro\.vscode\extensions\redhat.java-1.53.0-win32-x64\jre\21.0.10-win32-x86_64\bin\server;C:\Users\Sofia Toro\.gradle\native\c067742578af261105cb4f569cf0c3c89f3d7b1fecec35dd04571415982c5e48\windows-amd64;C:\Users\Sofia Toro\.gradle\native\100fb08df4bc3b14c8652ba06237920a3bd2aa13389f12d3474272988ae205f9\windows-amd64

VM Arguments:
jvm_args: -XX:MaxMetaspaceSize=4G -XX:ReservedCodeCacheSize=512m -XX:+HeapDumpOnOutOfMemoryError --add-opens=java.base/java.util=ALL-UNNAMED --add-opens=java.base/java.lang=ALL-UNNAMED --add-opens=java.base/java.lang.invoke=ALL-UNNAMED --add-opens=java.prefs/java.util.prefs=ALL-UNNAMED --add-exports=jdk.compiler/com.sun.tools.javac.api=ALL-UNNAMED --add-exports=jdk.compiler/com.sun.tools.javac.util=ALL-UNNAMED --add-opens=java.base/java.nio.charset=ALL-UNNAMED --add-opens=java.base/java.net=ALL-UNNAMED --add-opens=java.base/java.util.concurrent.atomic=ALL-UNNAMED -Xmx8G -Dfile.encoding=utf8 -Duser.country=US -Duser.language=en -Duser.variant -javaagent:C:\Users\Sofia Toro\.gradle\wrapper\dists\gradle-8.10.2-all\7iv73wktx1xtkvlq19urqw1wm\gradle-8.10.2\lib\agents\gradle-instrumentation-agent-8.10.2.jar 
java_command: org.gradle.launcher.daemon.bootstrap.GradleDaemon 8.10.2
java_class_path (initial): C:\Users\Sofia Toro\.gradle\wrapper\dists\gradle-8.10.2-all\7iv73wktx1xtkvlq19urqw1wm\gradle-8.10.2\lib\gradle-daemon-main-8.10.2.jar
Launcher Type: SUN_STANDARD

[Global flags]
     intx CICompilerCount                          = 4                                         {product} {ergonomic}
     uint ConcGCThreads                            = 3                                         {product} {ergonomic}
     uint G1ConcRefinementThreads                  = 10                                        {product} {ergonomic}
   size_t G1HeapRegionSize                         = 4194304                                   {product} {ergonomic}
    uintx GCDrainStackTargetSize                   = 64                                        {product} {ergonomic}
     bool HeapDumpOnOutOfMemoryError               = true                                   {manageable} {command line}
   size_t InitialHeapSize                          = 264241152                                 {product} {ergonomic}
   size_t MarkStackSize                            = 4194304                                   {product} {ergonomic}
   size_t MaxHeapSize                              = 8589934592                                {product} {command line}
   size_t MaxMetaspaceSize                         = 4294967296                                {product} {command line}
   size_t MaxNewSize                               = 5150605312                                {product} {ergonomic}
   size_t MinHeapDeltaBytes                        = 4194304                                   {product} {ergonomic}
   size_t MinHeapSize                              = 8388608                                   {product} {ergonomic}
    uintx NonNMethodCodeHeapSize                   = 5839372                                {pd product} {ergonomic}
    uintx NonProfiledCodeHeapSize                  = 265515770                              {pd product} {ergonomic}
    uintx ProfiledCodeHeapSize                     = 265515770                              {pd product} {ergonomic}
    uintx ReservedCodeCacheSize                    = 536870912                              {pd product} {command line}
     bool SegmentedCodeCache                       = true                                      {product} {ergonomic}
   size_t SoftMaxHeapSize                          = 8589934592                             {manageable} {ergonomic}
     bool UseCompressedOops                        = true                           {product lp64_product} {ergonomic}
     bool UseG1GC                                  = true                                      {product} {ergonomic}
     bool UseLargePagesIndividualAllocation        = false                                  {pd product} {ergonomic}

Logging:
Log output configuration:
 #0: stdout all=warning uptime,level,tags foldmultilines=false
 #1: stderr all=off uptime,level,tags foldmultilines=false

Release file:
JAVA_VERSION="21.0.10" 
MODULES="java.base java.compiler java.datatransfer java.xml java.prefs java.desktop java.instrument java.logging java.management java.security.sasl java.naming java.rmi java.management.rmi java.net.http java.scripting java.security.jgss java.transaction.xa java.sql java.sql.rowset java.xml.crypto java.se java.smartcardio jdk.accessibility jdk.internal.jvmstat jdk.attach jdk.charsets jdk.internal.opt jdk.zipfs jdk.compiler jdk.crypto.ec jdk.crypto.cryptoki jdk.crypto.mscapi jdk.dynalink jdk.internal.ed jdk.editpad jdk.hotspot.agent jdk.httpserver jdk.internal.le jdk.internal.vm.ci jdk.internal.vm.compiler jdk.internal.vm.compiler.management jdk.jartool jdk.javadoc jdk.jcmd jdk.management jdk.management.agent jdk.jconsole jdk.jdeps jdk.jdwp.agent jdk.jdi jdk.jfr jdk.jshell jdk.jsobject jdk.jstatd jdk.localedata jdk.management.jfr jdk.naming.dns jdk.naming.rmi jdk.net jdk.nio.mapmode jdk.random jdk.sctp jdk.security.auth jdk.security.jgss jdk.unsupported jdk.unsupported.desktop jdk.xml.dom" 

Environment Variables:
PATH=C:\flutter\bin;C:\Program Files\PostgreSQL\17\bin;C:\Program Files\PostgreSQL\17\lib;C:\Program Files\cursor\resources\app\bin;C:\Program Files\Git\cmd;C:\Users\Sofia Toro\AppData\Local\Programs\Python\Python312\Scripts\;C:\Users\Sofia Toro\AppData\Local\Programs\Python\Python312\;C:\Users\Sofia Toro\AppData\Local\Programs\Python\Python39\Scripts\;C:\Users\Sofia Toro\AppData\Local\Programs\Python\Python39\;C:\Users\Sofia Toro\AppData\Local\Microsoft\WindowsApps;C:\Users\Sofia Toro\AppData\Local\Programs\Microsoft VS Code\bin;C:\Users\Sofia Toro\AppData\Local\GitHubDesktop\bin;C:\Users\Sofia Toro\AppData\Roaming\npm;C:\flutter\bin;C:\Program Files\Git\bin;C:\Windows\System32;C:\Windows\System32\WindowsPowerShell\v1.0;C:\Program Files\nodejs\;C:\Program Files\Java\jdk-21\bin;C:\Program Files\Java\jdk1.8.0_231\bin;C:\Program Files\apache-maven-3.9.9\bin;C:\Windows\System32\OpenSSH\;C:\Users\Sofia Toro\AppData\Local\Programs\cursor\resources\app\bin
USERNAME=Sofia Toro
OS=Windows_NT
PROCESSOR_IDENTIFIER=Intel64 Family 6 Model 154 Stepping 4, GenuineIntel
TMP=C:\Users\SOFIAT~1\AppData\Local\Temp
TEMP=C:\Users\SOFIAT~1\AppData\Local\Temp




Periodic native trim disabled

---------------  S Y S T E M  ---------------

OS:
 Windows 11 , 64 bit Build 26100 (10.0.26100.7705)
OS uptime: 15 days 4:26 hours
Hyper-V role detected

CPU: total 12 (initial active 12) (6 cores per cpu, 2 threads per core) family 6 model 154 stepping 4 microcode 0x432, cx8, cmov, fxsr, ht, mmx, 3dnowpref, sse, sse2, sse3, ssse3, sse4.1, sse4.2, popcnt, lzcnt, tsc, tscinvbit, avx, avx2, aes, erms, clmul, bmi1, bmi2, adx, sha, fma, vzeroupper, clflush, clflushopt, clwb, hv, serialize, rdtscp, rdpid, fsrm, f16c, cet_ibt, cet_ss
Processor Information for processor 0
  Max Mhz: 1700, Current Mhz: 1700, Mhz Limit: 1700
Processor Information for processor 1
  Max Mhz: 1700, Current Mhz: 1700, Mhz Limit: 1700
Processor Information for processor 2
  Max Mhz: 1700, Current Mhz: 1700, Mhz Limit: 1700
Processor Information for processor 3
  Max Mhz: 1700, Current Mhz: 1700, Mhz Limit: 1700
Processor Information for processor 4
  Max Mhz: 1700, Current Mhz: 1200, Mhz Limit: 1190
Processor Information for processor 5
  Max Mhz: 1700, Current Mhz: 1200, Mhz Limit: 1190
Processor Information for processor 6
  Max Mhz: 1700, Current Mhz: 1200, Mhz Limit: 1190
Processor Information for processor 7
  Max Mhz: 1700, Current Mhz: 1200, Mhz Limit: 1190
Processor Information for processor 8
  Max Mhz: 1700, Current Mhz: 1200, Mhz Limit: 1190
Processor Information for processor 9
  Max Mhz: 1700, Current Mhz: 1200, Mhz Limit: 1190
Processor Information for processor 10
  Max Mhz: 1700, Current Mhz: 1200, Mhz Limit: 1190
Processor Information for processor 11
  Max Mhz: 1700, Current Mhz: 1200, Mhz Limit: 1190

Memory: 4k page, system-wide physical 16077M (317M free)
TotalPageFile size 65229M (AvailPageFile size 17M)
current process WorkingSet (physical memory assigned to process): 330M, peak: 335M
current process commit charge ("private bytes"): 372M, peak: 425M

vm_info: OpenJDK 64-Bit Server VM (21.0.10+7-LTS) for windows-amd64 JRE (21.0.10+7-LTS), built on 2026-01-20T00:00:00Z by "admin" with MS VC++ 17.12 (VS2022)

END.
